<?xml version="1.0" encoding="UTF-8"?>
<!-- Generated by org.testng.reporters.JUnitReportReporter -->
<testsuite hostname="LAPTOP-UCREVVSN" failures="0" tests="1" name="com.InetBankingV1.testCase.TC_AddNewCustomerTest" time="11.954" errors="0" timestamp="11 Jul 2023 16:42:38 GMT" skipped="0">
  <testcase classname="com.InetBankingV1.testCase.TC_AddNewCustomerTest" name="Tc_AddNewCustomer_001" time="11.954"/>
</testsuite> <!-- com.InetBankingV1.testCase.TC_AddNewCustomerTest -->
